<?xml version="1.0" encoding="UTF-8"?>
<!-- Generated by org.testng.reporters.JUnitXMLReporter -->
<testsuite hostname="Swapnil" ignored="0" name="Test" tests="5" failures="0" timestamp="2020-09-29T23:14:35 IST" time="55.303" errors="0">
  <testcase name="test1" time="0.862" classname="com.upgrade.credapi.Web_UI_Validations"/>
  <testcase name="test2" time="36.697" classname="com.upgrade.credapi.Web_UI_Validations"/>
  <testcase name="validAuthenticationTest" time="13.054" classname="com.upgrade.credapi.API_Validations"/>
  <testcase name="validateAttribute" time="2.188" classname="com.upgrade.credapi.API_Validations"/>
  <testcase name="inValidAuthenticationTest" time="2.378" classname="com.upgrade.credapi.API_Validations"/>
</testsuite> <!-- Test -->
